0.003467144835678366
True

============================================================
TIMING ANALYSIS
============================================================

gauss_seidel_iterations_m:
  Number of calls: 96
  Total time:      1.701236 s
  Average time:    0.017721 s
  Min time:        0.016275 s
  Max time:        0.025799 s

single_scattering_up:
  Number of calls: 93
  Total time:      0.013893 s
  Average time:    0.000149 s
  Min time:        0.000088 s
  Max time:        0.003875 s

single_scattering_down:
  Number of calls: 93
  Total time:      0.012491 s
  Average time:    0.000134 s
  Min time:        0.000083 s
  Max time:        0.003310 s

source_function_integrate_up:
  Number of calls: 2976
  Total time:      1.340407 s
  Average time:    0.000450 s
  Min time:        0.000389 s
  Max time:        0.004201 s

source_function_integrate_down:
  Number of calls: 2976
  Total time:      1.344233 s
  Average time:    0.000452 s
  Min time:        0.000390 s
  Max time:        0.004178 s

expand_brdf_mup_mup:
  Number of calls: 32
  Total time:      3.945557 s
  Average time:    0.123299 s
  Min time:        0.120053 s
  Max time:        0.132866 s

expand_brdf_mu0_mup:
  Number of calls: 96
  Total time:      0.498419 s
  Average time:    0.005192 s
  Min time:        0.004916 s
  Max time:        0.007272 s

expand_brdf_mu0_mu:
  Number of calls: 2976
  Total time:      0.643891 s
  Average time:    0.000216 s
  Min time:        0.000205 s
  Max time:        0.001679 s

expand_brdf_mup_mu:
  Number of calls: 2976
  Total time:      15.064015 s
  Average time:    0.005062 s
  Min time:        0.004905 s
  Max time:        0.006998 s

rho:
  Number of calls: 4278
  Total time:      0.010597 s
  Average time:    0.000002 s
  Min time:        0.000001 s
  Max time:        0.001554 s

Total measured time: 24.574741 s
